
----------------------------------------------------------------------
A warning was generated at simulation time 0.0
while evaluating a status display expression.

Undefined symbol : Record 1
Possible cause: A variable or other symbol was used 
                without first being defined.
Possible cause: A statistic was animated, but statistics collection 
                was turned off.
To find the problem, search for the above symbol name using 
Edit-Find from the menu.
----------------------------------------------------------------------



                                      ARENA Simulation Results
                                              josimarpc

                                  Summary for Replication 1 of 1

Project: Unnamed Project                                             Run execution date :12/ 3/2013
Analyst: josimarpc                                                   Model revision date:12/ 3/2013

Replication ended at time      : 0.0 Hours 
Base Time Units: Hours

                                           TALLY VARIABLES

Identifier                                  Average   Half Width  Minimum    Maximum   Observations
___________________________________________________________________________________________________

Passageiro.VATime                               --         --         --         --          0
Passageiro.NVATime                              --         --         --         --          0
Passageiro.WaitTime                             --         --         --         --          0
Passageiro.TranTime                             --         --         --         --          0
Passageiro.OtherTime                            --         --         --         --          0
Passageiro.TotalTime                            --         --         --         --          0
Jaboatao.Queue.WaitingTime                      --         --         --         --          0
Camaragibe.Queue.WaitingTime                    --         --         --         --          0
Bilhetagem.Queue.WaitingTime                    --         --         --         --          0
linha sul.Queue.WaitingTime                     --         --         --         --          0
Porta de saida.Queue.WaitingTime                --         --         --         --          0

                                     DISCRETE-CHANGE VARIABLES

Identifier                                  Average   Half Width  Minimum    Maximum   Final Value
___________________________________________________________________________________________________

Passageiro.WIP                              .00000     (Insuf)    .00000     .00000     .00000    
bilheteiro.NumberBusy                       .00000     (Insuf)    .00000     .00000     .00000    
bilheteiro.NumberScheduled                  .00000     (Insuf)    1.0000     1.0000     1.0000    
bilheteiro.Utilization                      .00000     (Insuf)    .00000     .00000     .00000    
embarque Jaboatao.NumberBusy                .00000     (Insuf)    .00000     .00000     .00000    
capacidade da porta saida.NumberBusy        .00000     (Insuf)    .00000     .00000     .00000    
embarque Camaragibe.NumberBusy              .00000     (Insuf)    .00000     .00000     .00000    
embarque linha sul.NumberBusy               .00000     (Insuf)    .00000     .00000     .00000    
Jaboatao.Queue.NumberInQueue                .00000     (Insuf)    .00000     .00000     .00000    
Camaragibe.Queue.NumberInQueue              .00000     (Insuf)    .00000     .00000     .00000    
Bilhetagem.Queue.NumberInQueue              .00000     (Insuf)    .00000     .00000     .00000    
linha sul.Queue.NumberInQueue               .00000     (Insuf)    .00000     .00000     .00000    
Porta de saida.Queue.NumberInQueue          .00000     (Insuf)    .00000     .00000     .00000    

                                             COUNTERS

Identifier                                    Count   Limit
_____________________________________________________________

contagem jaboatao                                 0  Infinite
contagem camaragibe                               0  Infinite
contagem linha sul                                0  Infinite

                                             OUTPUTS

Identifier                                   Value
_____________________________________________________________

Passageiro.NumberIn                         .00000    
Passageiro.NumberOut                        .00000    
bilheteiro.NumberSeized                     .00000    
bilheteiro.ScheduledUtilization             .00000    
embarque Jaboatao.NumberSeized              .00000    
capacidade da porta saida.NumberSeized      .00000    
embarque Camaragibe.NumberSeized            .00000    
embarque linha sul.NumberSeized             .00000    
System.NumberOut                            .00000    


Simulation run time: 0.10 minutes.
Simulation run completed with 1 error(s) and 0 warning(s).
